[0.419s] Invoking command in '/home/curleyjw/dev_ws/src/skibot/skibot_nav-john-mike/skibot_nav': PYTHONPATH=/home/curleyjw/dev_ws/src/skibot/skibot_nav-john-mike/install/skibot_nav/lib/python3.8/site-packages:${PYTHONPATH} /usr/bin/python3 setup.py egg_info --egg-base ../build/skibot_nav build --build-base /home/curleyjw/dev_ws/src/skibot/skibot_nav-john-mike/build/skibot_nav/build install --prefix /home/curleyjw/dev_ws/src/skibot/skibot_nav-john-mike/install/skibot_nav --record /home/curleyjw/dev_ws/src/skibot/skibot_nav-john-mike/build/skibot_nav/install.log --single-version-externally-managed
[0.732s] running egg_info
[0.733s] creating ../build/skibot_nav/skibot_nav.egg-info
[0.733s] writing ../build/skibot_nav/skibot_nav.egg-info/PKG-INFO
[0.734s] writing dependency_links to ../build/skibot_nav/skibot_nav.egg-info/dependency_links.txt
[0.734s] writing entry points to ../build/skibot_nav/skibot_nav.egg-info/entry_points.txt
[0.735s] writing requirements to ../build/skibot_nav/skibot_nav.egg-info/requires.txt
[0.735s] writing top-level names to ../build/skibot_nav/skibot_nav.egg-info/top_level.txt
[0.737s] writing manifest file '../build/skibot_nav/skibot_nav.egg-info/SOURCES.txt'
[0.779s] reading manifest file '../build/skibot_nav/skibot_nav.egg-info/SOURCES.txt'
[0.780s] writing manifest file '../build/skibot_nav/skibot_nav.egg-info/SOURCES.txt'
[0.781s] running build
[0.781s] running build_py
[0.781s] creating /home/curleyjw/dev_ws/src/skibot/skibot_nav-john-mike/build/skibot_nav/build
[0.781s] creating /home/curleyjw/dev_ws/src/skibot/skibot_nav-john-mike/build/skibot_nav/build/lib
[0.782s] creating /home/curleyjw/dev_ws/src/skibot/skibot_nav-john-mike/build/skibot_nav/build/lib/skibot_nav
[0.782s] copying skibot_nav/__init__.py -> /home/curleyjw/dev_ws/src/skibot/skibot_nav-john-mike/build/skibot_nav/build/lib/skibot_nav
[0.782s] running install
[0.783s] running install_lib
[0.785s] creating /home/curleyjw/dev_ws/src/skibot/skibot_nav-john-mike/install/skibot_nav/lib/python3.8/site-packages/skibot_nav
[0.785s] copying /home/curleyjw/dev_ws/src/skibot/skibot_nav-john-mike/build/skibot_nav/build/lib/skibot_nav/__init__.py -> /home/curleyjw/dev_ws/src/skibot/skibot_nav-john-mike/install/skibot_nav/lib/python3.8/site-packages/skibot_nav
[0.786s] byte-compiling /home/curleyjw/dev_ws/src/skibot/skibot_nav-john-mike/install/skibot_nav/lib/python3.8/site-packages/skibot_nav/__init__.py to __init__.cpython-38.pyc
[0.787s] running install_data
[0.788s] creating /home/curleyjw/dev_ws/src/skibot/skibot_nav-john-mike/install/skibot_nav/share/ament_index
[0.788s] creating /home/curleyjw/dev_ws/src/skibot/skibot_nav-john-mike/install/skibot_nav/share/ament_index/resource_index
[0.788s] creating /home/curleyjw/dev_ws/src/skibot/skibot_nav-john-mike/install/skibot_nav/share/ament_index/resource_index/packages
[0.789s] copying resource/skibot_nav -> /home/curleyjw/dev_ws/src/skibot/skibot_nav-john-mike/install/skibot_nav/share/ament_index/resource_index/packages
[0.789s] copying package.xml -> /home/curleyjw/dev_ws/src/skibot/skibot_nav-john-mike/install/skibot_nav/share/skibot_nav
[0.789s] running install_egg_info
[0.791s] Copying ../build/skibot_nav/skibot_nav.egg-info to /home/curleyjw/dev_ws/src/skibot/skibot_nav-john-mike/install/skibot_nav/lib/python3.8/site-packages/skibot_nav-0.0.0-py3.8.egg-info
[0.792s] running install_scripts
[0.812s] Installing service script to /home/curleyjw/dev_ws/src/skibot/skibot_nav-john-mike/install/skibot_nav/lib/skibot_nav
[0.813s] writing list of installed files to '/home/curleyjw/dev_ws/src/skibot/skibot_nav-john-mike/build/skibot_nav/install.log'
[0.841s] Invoked command in '/home/curleyjw/dev_ws/src/skibot/skibot_nav-john-mike/skibot_nav' returned '0': PYTHONPATH=/home/curleyjw/dev_ws/src/skibot/skibot_nav-john-mike/install/skibot_nav/lib/python3.8/site-packages:${PYTHONPATH} /usr/bin/python3 setup.py egg_info --egg-base ../build/skibot_nav build --build-base /home/curleyjw/dev_ws/src/skibot/skibot_nav-john-mike/build/skibot_nav/build install --prefix /home/curleyjw/dev_ws/src/skibot/skibot_nav-john-mike/install/skibot_nav --record /home/curleyjw/dev_ws/src/skibot/skibot_nav-john-mike/build/skibot_nav/install.log --single-version-externally-managed
